<?xml version="1.0" encoding="UTF-8"?>
<!-- Generated by org.testng.reporters.JUnitReportReporter -->
<testsuite hostname="LAPTOP-63TULI6B" failures="0" tests="4" name="Runner.TestRunner" time="40.614" errors="0" timestamp="2019-03-27T20:27:11 CET" skipped="0">
  <testcase classname="Runner.TestRunner" name="runScenario" time="11.960"/>
  <testcase classname="Runner.TestRunner" name="runScenario" time="8.677"/>
  <testcase classname="Runner.TestRunner" name="runScenario" time="9.715"/>
  <testcase classname="Runner.TestRunner" name="runScenario" time="10.262"/>
</testsuite> <!-- Runner.TestRunner -->
